 _____ _____ _____               _ 
|     |     |     |___ ___ ___ _| |
|   --|   --| | | | . |  _| -_| . |
|_____|_____|_|_|_|  _|_| |___|___|
                  |_|              

Found 1 CUDA devices, using CPU (8 thread(s))
Reweighted 9981 sequences with threshold 0.8 to Beff=1860.17 weight mean=0.186371, min=0.00248139, max=1

Will optimize 35324909 32-bit variables

iter	eval	f(x)    	║x║     	║g║     	step
1   	1   	839522  	149465  	4.2104394e+10	3.45e-06
2   	1   	731874  	149463  	1.1999289e+10	4.04e-06
3   	2   	679605  	149460  	3.9612631e+09	6.5e-06
4   	1   	636010  	149454  	1.6737542e+09	1.94e-05
5   	2   	610255  	149447  	1.0941248e+09	2.79e-05
6   	1   	583635  	149437  	8.884393e+08	3.94e-05
7   	1   	557297  	149431  	7.2332826e+08	4.48e-05
8   	1   	530640  	149437  	5.0826461e+08	5.44e-05
9   	1   	507124  	149466  	5.8182522e+08	7.7e-05
10  	2   	492634  	149496  	3.0856227e+08	4.06e-05
11  	1   	479904  	149526  	3.5817645e+08	6.34e-05
12  	1   	467034  	149564  	3.0783869e+08	6.08e-05
13  	1   	454361  	149613  	3.4509507e+08	7.3e-05
14  	1   	442403  	149675  	2.6676034e+08	6.78e-05
15  	2   	435064  	149712  	1.7495976e+08	4.79e-05
16  	1   	428233  	149740  	1.4800088e+08	5.81e-05
17  	1   	421204  	149766  	1.4677717e+08	6.93e-05
18  	1   	414416  	149791  	1.3033246e+08	6.85e-05
19  	1   	408078  	149820  	1.522341e+08	7.82e-05
20  	2   	404176  	149836  	1.0293591e+08	3.84e-05
21  	1   	400638  	149847  	79577048	4.58e-05
22  	1   	397363  	149857  	81262432	6.04e-05
23  	1   	394110  	149865  	87198152	6.17e-05
24  	1   	390874  	149874  	80159088	6.13e-05
25  	2   	388900  	149878  	59588180	3.6e-05
26  	1   	386951  	149879  	44763400	4.08e-05
27  	1   	385071  	149875  	45406260	5.22e-05
28  	1   	383189  	149866  	41637976	5.34e-05
29  	1   	381605  	149857  	45163296	6.15e-05
30  	2   	380662  	149851  	36422228	3.54e-05
31  	1   	379740  	149843  	30902146	3.75e-05
32  	1   	378895  	149834  	27378384	4.31e-05
33  	1   	378119  	149822  	24631072	4.93e-05
34  	2   	377678  	149815  	17980398	3.15e-05

Done with status code 0 - Success!

Final fx = 377280.812500

xnorm = 42.4471
Output can be found in 1c7cA.ccmpred
